Time resolution is 1 ps
 Block Memory Generator module loading initial data...
 Block Memory Generator data initialization complete.
Block Memory Generator module tb_hdl_top.uut.\genblk1[0].genblk1.Attention .q.inst.\native_mem_module.blk_mem_gen_v8_4_7_inst  is using a behavioral model for simulation which will not precisely model memory collision behavior.
 Block Memory Generator module loading initial data...
 Block Memory Generator data initialization complete.
Block Memory Generator module tb_hdl_top.uut.\genblk1[0].genblk1.Attention .k.inst.\native_mem_module.blk_mem_gen_v8_4_7_inst  is using a behavioral model for simulation which will not precisely model memory collision behavior.
 Block Memory Generator module loading initial data...
 Block Memory Generator data initialization complete.
Block Memory Generator module tb_hdl_top.uut.\genblk1[0].v .inst.\native_mem_module.blk_mem_gen_v8_4_7_inst  is using a behavioral model for simulation which will not precisely model memory collision behavior.
 Block Memory Generator module loading initial data...
 Block Memory Generator data initialization complete.
Block Memory Generator module tb_hdl_top.uut.\genblk1[1].genblk1.Attention .q.inst.\native_mem_module.blk_mem_gen_v8_4_7_inst  is using a behavioral model for simulation which will not precisely model memory collision behavior.
 Block Memory Generator module loading initial data...
 Block Memory Generator data initialization complete.
Block Memory Generator module tb_hdl_top.uut.\genblk1[1].genblk1.Attention .k.inst.\native_mem_module.blk_mem_gen_v8_4_7_inst  is using a behavioral model for simulation which will not precisely model memory collision behavior.
 Block Memory Generator module loading initial data...
 Block Memory Generator data initialization complete.
Block Memory Generator module tb_hdl_top.uut.\genblk1[1].v .inst.\native_mem_module.blk_mem_gen_v8_4_7_inst  is using a behavioral model for simulation which will not precisely model memory collision behavior.
 Block Memory Generator module loading initial data...
 Block Memory Generator data initialization complete.
Block Memory Generator module tb_hdl_top.uut.\genblk1[2].genblk1.Attention .q.inst.\native_mem_module.blk_mem_gen_v8_4_7_inst  is using a behavioral model for simulation which will not precisely model memory collision behavior.
 Block Memory Generator module loading initial data...
 Block Memory Generator data initialization complete.
Block Memory Generator module tb_hdl_top.uut.\genblk1[2].genblk1.Attention .k.inst.\native_mem_module.blk_mem_gen_v8_4_7_inst  is using a behavioral model for simulation which will not precisely model memory collision behavior.
 Block Memory Generator module loading initial data...
 Block Memory Generator data initialization complete.
Block Memory Generator module tb_hdl_top.uut.\genblk1[2].v .inst.\native_mem_module.blk_mem_gen_v8_4_7_inst  is using a behavioral model for simulation which will not precisely model memory collision behavior.
 Block Memory Generator module loading initial data...
 Block Memory Generator data initialization complete.
Block Memory Generator module tb_hdl_top.uut.\genblk1[3].genblk1.Attention .q.inst.\native_mem_module.blk_mem_gen_v8_4_7_inst  is using a behavioral model for simulation which will not precisely model memory collision behavior.
 Block Memory Generator module loading initial data...
 Block Memory Generator data initialization complete.
Block Memory Generator module tb_hdl_top.uut.\genblk1[3].genblk1.Attention .k.inst.\native_mem_module.blk_mem_gen_v8_4_7_inst  is using a behavioral model for simulation which will not precisely model memory collision behavior.
 Block Memory Generator module loading initial data...
 Block Memory Generator data initialization complete.
Block Memory Generator module tb_hdl_top.uut.\genblk1[3].v .inst.\native_mem_module.blk_mem_gen_v8_4_7_inst  is using a behavioral model for simulation which will not precisely model memory collision behavior.
 Block Memory Generator module loading initial data...
 Block Memory Generator data initialization complete.
Block Memory Generator module tb_hdl_top.uut.\genblk1[4].genblk1.Attention .q.inst.\native_mem_module.blk_mem_gen_v8_4_7_inst  is using a behavioral model for simulation which will not precisely model memory collision behavior.
 Block Memory Generator module loading initial data...
 Block Memory Generator data initialization complete.
Block Memory Generator module tb_hdl_top.uut.\genblk1[4].genblk1.Attention .k.inst.\native_mem_module.blk_mem_gen_v8_4_7_inst  is using a behavioral model for simulation which will not precisely model memory collision behavior.
 Block Memory Generator module loading initial data...
 Block Memory Generator data initialization complete.
Block Memory Generator module tb_hdl_top.uut.\genblk1[4].v .inst.\native_mem_module.blk_mem_gen_v8_4_7_inst  is using a behavioral model for simulation which will not precisely model memory collision behavior.
 Block Memory Generator module loading initial data...
 Block Memory Generator data initialization complete.
Block Memory Generator module tb_hdl_top.uut.\genblk1[5].genblk1.Attention .q.inst.\native_mem_module.blk_mem_gen_v8_4_7_inst  is using a behavioral model for simulation which will not precisely model memory collision behavior.
 Block Memory Generator module loading initial data...
 Block Memory Generator data initialization complete.
Block Memory Generator module tb_hdl_top.uut.\genblk1[5].genblk1.Attention .k.inst.\native_mem_module.blk_mem_gen_v8_4_7_inst  is using a behavioral model for simulation which will not precisely model memory collision behavior.
 Block Memory Generator module loading initial data...
 Block Memory Generator data initialization complete.
Block Memory Generator module tb_hdl_top.uut.\genblk1[5].v .inst.\native_mem_module.blk_mem_gen_v8_4_7_inst  is using a behavioral model for simulation which will not precisely model memory collision behavior.
 Block Memory Generator module loading initial data...
 Block Memory Generator data initialization complete.
Block Memory Generator module tb_hdl_top.uut.\genblk1[6].genblk1.Attention .q.inst.\native_mem_module.blk_mem_gen_v8_4_7_inst  is using a behavioral model for simulation which will not precisely model memory collision behavior.
 Block Memory Generator module loading initial data...
 Block Memory Generator data initialization complete.
Block Memory Generator module tb_hdl_top.uut.\genblk1[6].genblk1.Attention .k.inst.\native_mem_module.blk_mem_gen_v8_4_7_inst  is using a behavioral model for simulation which will not precisely model memory collision behavior.
 Block Memory Generator module loading initial data...
 Block Memory Generator data initialization complete.
Block Memory Generator module tb_hdl_top.uut.\genblk1[6].v .inst.\native_mem_module.blk_mem_gen_v8_4_7_inst  is using a behavioral model for simulation which will not precisely model memory collision behavior.
 Block Memory Generator module loading initial data...
 Block Memory Generator data initialization complete.
Block Memory Generator module tb_hdl_top.uut.\genblk1[7].v .inst.\native_mem_module.blk_mem_gen_v8_4_7_inst  is using a behavioral model for simulation which will not precisely model memory collision behavior.
 Block Memory Generator module loading initial data...
 Block Memory Generator data initialization complete.
Block Memory Generator module tb_hdl_top.uut.Attention.q.inst.\native_mem_module.blk_mem_gen_v8_4_7_inst  is using a behavioral model for simulation which will not precisely model memory collision behavior.
 Block Memory Generator module loading initial data...
 Block Memory Generator data initialization complete.
Block Memory Generator module tb_hdl_top.uut.Attention.k.inst.\native_mem_module.blk_mem_gen_v8_4_7_inst  is using a behavioral model for simulation which will not precisely model memory collision behavior.
Warning: OPMODE Input Warning : The OPMODE 0110X0X with CARRYINSEL  000 to DSP48E1 instance is invalid.
Time: 100010 ps  Iteration: 0  Process: /tb_hdl_top/uut/Attention/L1/uut/sub/inst/i_synth/addsub_op/ADDSUB/dsp/OP/dsp48e1_body/ALIGN_ADD/DSP2/i_no_versal_es1_workaround/DSP/prcs_opmode_drc  File: /tools/Xilinx/Vivado/2023.2/data/vhdl/src/unisims/primitive/DSP48E1.vhd
